[2020-06-01T20:26:14.589] [DEBUG] cheese - login => username:zs,password:123456
[2020-06-01T20:26:14.598] [DEBUG] cheese - zs
[2020-06-01T20:26:14.672] [DEBUG] cheese - null
[2020-06-01T20:26:14.673] [DEBUG] cheese - null
[2020-06-01T20:27:28.406] [DEBUG] cheese - login => username:admin,password:123456
[2020-06-01T20:27:28.406] [DEBUG] cheese - admin
[2020-06-01T20:27:28.412] [DEBUG] cheese - null
[2020-06-01T20:27:28.413] [DEBUG] cheese - null
[2020-06-02T16:57:19.969] [DEBUG] cheese - login => username:zs11,password:31315461313
[2020-06-02T16:57:19.970] [DEBUG] cheese - zs11
[2020-06-02T16:57:20.091] [DEBUG] cheese - null
[2020-06-02T16:57:20.091] [DEBUG] cheese - null
[2020-06-02T16:58:37.544] [DEBUG] cheese - login => username:12145,password:1641311
[2020-06-02T16:58:37.544] [DEBUG] cheese - 12145
[2020-06-02T16:58:37.547] [DEBUG] cheese - null
[2020-06-02T16:58:37.547] [DEBUG] cheese - null
[2020-06-02T17:00:10.561] [DEBUG] cheese - login => username:124613,password:dfsgdsgdsgds
[2020-06-02T17:00:10.562] [DEBUG] cheese - 124613
[2020-06-02T17:00:10.563] [DEBUG] cheese - null
[2020-06-02T17:00:10.564] [DEBUG] cheese - null
[2020-06-02T17:01:39.017] [DEBUG] cheese - login => username:2316515,password:4567744
[2020-06-02T17:01:39.018] [DEBUG] cheese - 2316515
[2020-06-02T17:01:39.020] [DEBUG] cheese - null
[2020-06-02T17:01:39.020] [DEBUG] cheese - null
[2020-06-02T17:03:16.383] [DEBUG] cheese - login => username:dsafa,password:fasfewwfwe
[2020-06-02T17:03:16.383] [DEBUG] cheese - dsafa
[2020-06-02T17:03:16.386] [DEBUG] cheese - null
[2020-06-02T17:03:16.386] [DEBUG] cheese - null
[2020-06-02T17:04:38.311] [DEBUG] cheese - login => username:dsgdsds,password:dwswgdw
[2020-06-02T17:04:38.311] [DEBUG] cheese - dsgdsds
[2020-06-02T17:04:38.313] [DEBUG] cheese - null
[2020-06-02T17:04:38.314] [DEBUG] cheese - null
[2020-06-02T17:22:49.499] [DEBUG] cheese - login => username:大公司,password:da few few
[2020-06-02T17:22:49.500] [DEBUG] cheese - 大公司
[2020-06-02T17:22:49.508] [DEBUG] cheese - null
[2020-06-02T17:22:49.509] [DEBUG] cheese - null
[2020-06-02T17:38:56.445] [DEBUG] cheese - login => username:fsfdsfew,password:fdsfwfsd
[2020-06-02T17:38:56.446] [DEBUG] cheese - fsfdsfew
[2020-06-02T17:38:56.450] [DEBUG] cheese - null
[2020-06-02T17:38:56.450] [DEBUG] cheese - null
[2020-06-02T17:39:19.417] [DEBUG] cheese - login => username:admin,password:123456
[2020-06-02T17:39:19.417] [DEBUG] cheese - admin
[2020-06-02T17:39:19.513] [DEBUG] cheese - null
[2020-06-02T17:39:19.513] [DEBUG] cheese - null
[2020-06-02T17:52:14.630] [DEBUG] cheese - login => username:大发发撒,password:dafa fe
[2020-06-02T17:52:14.631] [DEBUG] cheese - 大发发撒
[2020-06-02T17:52:14.633] [DEBUG] cheese - null
[2020-06-02T17:52:14.634] [DEBUG] cheese - null
[2020-06-02T17:52:27.475] [DEBUG] cheese - login => username:admin,password:123456
[2020-06-02T17:52:27.475] [DEBUG] cheese - admin
[2020-06-02T17:52:27.478] [DEBUG] cheese - null
[2020-06-02T17:52:27.478] [DEBUG] cheese - null
[2020-06-02T17:53:16.693] [DEBUG] cheese - login => username:admin,password:123456
[2020-06-02T17:53:16.693] [DEBUG] cheese - admin
[2020-06-02T17:53:16.696] [DEBUG] cheese - null
[2020-06-02T17:53:16.696] [DEBUG] cheese - null
[2020-06-02T18:06:20.096] [DEBUG] cheese - login => username:admin,password:123456
[2020-06-02T18:06:20.096] [DEBUG] cheese - admin
[2020-06-02T18:06:20.100] [DEBUG] cheese - null
[2020-06-02T18:06:20.100] [DEBUG] cheese - null
[2020-06-02T18:07:39.962] [DEBUG] cheese - login => username:admin,password:123456
[2020-06-02T18:07:39.963] [DEBUG] cheese - admin
[2020-06-02T18:07:39.966] [DEBUG] cheese - null
[2020-06-02T18:07:39.966] [DEBUG] cheese - null
[2020-06-02T18:08:07.710] [DEBUG] cheese - login => username:admin,password:123456
[2020-06-02T18:08:07.710] [DEBUG] cheese - admin
[2020-06-02T18:08:07.713] [DEBUG] cheese - null
[2020-06-02T18:08:07.713] [DEBUG] cheese - null
[2020-06-02T18:11:50.117] [DEBUG] cheese - login => username:admin,password:123456
[2020-06-02T18:11:50.117] [DEBUG] cheese - admin
[2020-06-02T18:11:50.120] [DEBUG] cheese - null
[2020-06-02T18:11:50.121] [DEBUG] cheese - null
[2020-06-02T18:17:10.948] [DEBUG] cheese - login => username:admin,password:123456
[2020-06-02T18:17:10.949] [DEBUG] cheese - admin
[2020-06-02T18:17:10.953] [DEBUG] cheese - null
[2020-06-02T18:17:10.953] [DEBUG] cheese - null
[2020-06-02T18:17:28.585] [DEBUG] cheese - login => username:admin,password:123456
[2020-06-02T18:17:28.585] [DEBUG] cheese - admin
[2020-06-02T18:17:28.588] [DEBUG] cheese - null
[2020-06-02T18:17:28.588] [DEBUG] cheese - null
[2020-06-02T18:17:50.240] [DEBUG] cheese - login => username:admin,password:1234145151
[2020-06-02T18:17:50.240] [DEBUG] cheese - admin
[2020-06-02T18:17:50.243] [DEBUG] cheese - null
[2020-06-02T18:17:50.243] [DEBUG] cheese - null
[2020-06-02T18:17:55.943] [DEBUG] cheese - login => username:admin,password:123456
[2020-06-02T18:17:55.943] [DEBUG] cheese - admin
[2020-06-02T18:17:55.946] [DEBUG] cheese - null
[2020-06-02T18:17:55.946] [DEBUG] cheese - null
[2020-06-02T19:12:56.380] [DEBUG] cheese - login => username:admin,password:123456
[2020-06-02T19:12:56.381] [DEBUG] cheese - admin
[2020-06-02T19:12:56.400] [DEBUG] cheese - null
[2020-06-02T19:12:56.400] [DEBUG] cheese - null
[2020-06-02T19:13:14.731] [DEBUG] cheese - login => username:admin,password:123456
[2020-06-02T19:13:14.731] [DEBUG] cheese - admin
[2020-06-02T19:13:14.733] [DEBUG] cheese - null
[2020-06-02T19:13:14.733] [DEBUG] cheese - null
[2020-06-02T19:22:54.343] [DEBUG] cheese - login => username:admin,password:123456
[2020-06-02T19:22:54.344] [DEBUG] cheese - admin
[2020-06-02T19:22:54.346] [DEBUG] cheese - null
[2020-06-02T19:22:54.347] [DEBUG] cheese - null
[2020-06-02T19:22:57.138] [DEBUG] cheese - login => username:admin,password:123456
[2020-06-02T19:22:57.138] [DEBUG] cheese - admin
[2020-06-02T19:22:57.140] [DEBUG] cheese - null
[2020-06-02T19:22:57.140] [DEBUG] cheese - null
[2020-06-02T19:22:59.257] [DEBUG] cheese - login => username:admin,password:123456
[2020-06-02T19:22:59.257] [DEBUG] cheese - admin
[2020-06-02T19:22:59.259] [DEBUG] cheese - null
[2020-06-02T19:22:59.259] [DEBUG] cheese - null
[2020-06-02T19:53:38.943] [DEBUG] cheese - login => username:admin,password:123456
[2020-06-02T19:53:38.943] [DEBUG] cheese - admin
[2020-06-02T19:53:38.947] [DEBUG] cheese - null
[2020-06-02T19:53:38.948] [DEBUG] cheese - null
[2020-06-03T11:08:36.280] [DEBUG] cheese - login => username:admin,password:123456
[2020-06-03T11:08:36.282] [DEBUG] cheese - admin
[2020-06-03T11:08:36.409] [DEBUG] cheese - null
[2020-06-03T11:08:36.410] [DEBUG] cheese - null
[2020-06-03T12:05:19.156] [DEBUG] cheese - login => username:admin,password:123456
[2020-06-03T12:05:19.156] [DEBUG] cheese - admin
[2020-06-03T12:05:19.163] [DEBUG] cheese - null
[2020-06-03T12:05:19.164] [DEBUG] cheese - null
[2020-06-03T12:05:28.848] [DEBUG] cheese - login => username:admin,password:123456
[2020-06-03T12:05:28.848] [DEBUG] cheese - admin
[2020-06-03T12:05:28.851] [DEBUG] cheese - null
[2020-06-03T12:05:28.852] [DEBUG] cheese - null
[2020-06-03T15:15:34.818] [DEBUG] cheese - login => username:admin,password:123456
[2020-06-03T15:15:34.819] [DEBUG] cheese - admin
[2020-06-03T15:15:34.825] [DEBUG] cheese - null
[2020-06-03T15:15:34.825] [DEBUG] cheese - null
[2020-06-03T15:26:58.245] [DEBUG] cheese - login => username:admin,password:123456
[2020-06-03T15:26:58.246] [DEBUG] cheese - admin
[2020-06-03T15:26:58.249] [DEBUG] cheese - null
[2020-06-03T15:26:58.249] [DEBUG] cheese - null
[2020-06-03T16:05:43.904] [DEBUG] cheese - login => username:admin,password:123456
[2020-06-03T16:05:43.905] [DEBUG] cheese - admin
[2020-06-03T16:05:43.909] [DEBUG] cheese - null
[2020-06-03T16:05:43.910] [DEBUG] cheese - null
[2020-06-03T18:21:11.418] [DEBUG] cheese - login => username:admin,password:123456
[2020-06-03T18:21:11.419] [DEBUG] cheese - admin
[2020-06-03T18:21:11.423] [DEBUG] cheese - null
[2020-06-03T18:21:11.423] [DEBUG] cheese - null
[2020-06-04T13:31:50.371] [DEBUG] cheese - login => username:admin,password:123456
[2020-06-04T13:31:50.372] [DEBUG] cheese - admin
[2020-06-04T13:31:50.414] [DEBUG] cheese - null
[2020-06-04T13:31:50.414] [DEBUG] cheese - null
[2020-06-04T16:49:36.107] [DEBUG] cheese - login => username:admin,password:123456
[2020-06-04T16:49:36.108] [DEBUG] cheese - admin
[2020-06-04T16:49:36.115] [DEBUG] cheese - null
[2020-06-04T16:49:36.116] [DEBUG] cheese - null
[2020-06-05T10:25:55.148] [DEBUG] cheese - login => username:admin,password:123456
[2020-06-05T10:25:55.150] [DEBUG] cheese - admin
[2020-06-05T10:25:55.193] [DEBUG] cheese - null
[2020-06-05T10:25:55.194] [DEBUG] cheese - null
[2020-06-05T20:37:50.964] [DEBUG] cheese - null
[2020-06-05T20:37:54.997] [DEBUG] cheese - null
[2020-06-05T20:44:38.214] [DEBUG] cheese - null
[2020-06-05T22:42:28.597] [DEBUG] cheese - login => username:admin,password:123456
[2020-06-05T22:42:28.597] [DEBUG] cheese - admin
[2020-06-05T22:42:28.601] [DEBUG] cheese - null
[2020-06-05T22:42:28.601] [DEBUG] cheese - null
[2020-06-05T22:42:48.099] [DEBUG] cheese - login => username:admin,password:123456
[2020-06-05T22:42:48.099] [DEBUG] cheese - admin
[2020-06-05T22:42:48.102] [DEBUG] cheese - null
[2020-06-05T22:42:48.102] [DEBUG] cheese - null
[2020-06-06T13:35:56.249] [DEBUG] cheese - login => username:admin,password:123456
[2020-06-06T13:35:56.251] [DEBUG] cheese - admin
[2020-06-06T13:35:56.302] [DEBUG] cheese - null
[2020-06-06T13:35:56.302] [DEBUG] cheese - null
[2020-06-06T15:44:51.768] [DEBUG] cheese - login => username:admin,password:123456
[2020-06-06T15:44:51.770] [DEBUG] cheese - admin
[2020-06-06T15:44:51.773] [DEBUG] cheese - null
[2020-06-06T15:44:51.773] [DEBUG] cheese - null
[2020-06-06T15:45:20.608] [DEBUG] cheese - null
[2020-06-06T15:59:43.522] [DEBUG] cheese - login => username:123,password:123456
[2020-06-06T15:59:43.522] [DEBUG] cheese - 123
[2020-06-06T15:59:43.525] [DEBUG] cheese - null
[2020-06-06T15:59:43.525] [DEBUG] cheese - null
[2020-06-06T15:59:53.944] [DEBUG] cheese - login => username:admin,password:123456
[2020-06-06T15:59:53.944] [DEBUG] cheese - admin
[2020-06-06T15:59:53.946] [DEBUG] cheese - null
[2020-06-06T15:59:53.946] [DEBUG] cheese - null
[2020-06-06T16:00:14.473] [DEBUG] cheese - login => username:admin,password:123456
[2020-06-06T16:00:14.473] [DEBUG] cheese - admin
[2020-06-06T16:00:14.477] [DEBUG] cheese - null
[2020-06-06T16:00:14.478] [DEBUG] cheese - null
[2020-06-07T10:33:00.629] [DEBUG] cheese - login => username:admin,password:123456
[2020-06-07T10:33:00.632] [DEBUG] cheese - admin
[2020-06-07T10:33:00.691] [DEBUG] cheese - null
[2020-06-07T10:33:00.692] [DEBUG] cheese - null
[2020-06-08T11:25:01.573] [DEBUG] cheese - login => username:admin,password:123456
[2020-06-08T11:25:01.574] [DEBUG] cheese - admin
[2020-06-08T11:25:01.614] [DEBUG] cheese - null
[2020-06-08T11:25:01.615] [DEBUG] cheese - null
[2020-06-08T18:44:42.826] [DEBUG] cheese - login => username:admin,password:123456
[2020-06-08T18:44:42.828] [DEBUG] cheese - admin
[2020-06-08T18:44:42.848] [DEBUG] cheese - null
[2020-06-08T18:44:42.849] [DEBUG] cheese - null
[2020-06-08T19:53:50.054] [DEBUG] cheese - login => username:admin,password:123456
[2020-06-08T19:53:50.056] [DEBUG] cheese - admin
[2020-06-08T19:53:50.063] [DEBUG] cheese - null
[2020-06-08T19:53:50.065] [DEBUG] cheese - null
[2020-06-09T11:13:09.013] [DEBUG] cheese - login => username:admin,password:123456
[2020-06-09T11:13:09.015] [DEBUG] cheese - admin
[2020-06-09T11:13:09.071] [DEBUG] cheese - null
[2020-06-09T11:13:09.071] [DEBUG] cheese - null
[2020-06-09T20:49:12.637] [DEBUG] cheese - login => username:admin,password:123456
[2020-06-09T20:49:12.638] [DEBUG] cheese - admin
[2020-06-09T20:49:12.643] [DEBUG] cheese - null
[2020-06-09T20:49:12.644] [DEBUG] cheese - null
[2020-06-09T20:49:40.508] [DEBUG] cheese - null
[2020-06-09T20:52:36.268] [DEBUG] cheese - login => username:admin,password:123456
[2020-06-09T20:52:36.268] [DEBUG] cheese - admin
[2020-06-09T20:52:36.271] [DEBUG] cheese - null
[2020-06-09T20:52:36.271] [DEBUG] cheese - null
[2020-06-10T13:27:46.902] [DEBUG] cheese - login => username:admin,password:123456
[2020-06-10T13:27:46.904] [DEBUG] cheese - admin
[2020-06-10T13:27:46.948] [DEBUG] cheese - null
[2020-06-10T13:27:46.949] [DEBUG] cheese - null
[2020-06-10T16:49:13.798] [DEBUG] cheese - login => username:admin,password:123456
[2020-06-10T16:49:13.799] [DEBUG] cheese - admin
[2020-06-10T16:49:13.811] [DEBUG] cheese - null
[2020-06-10T16:49:13.812] [DEBUG] cheese - null
[2020-06-10T16:49:36.959] [DEBUG] cheese - login => username:admin,password:123456
[2020-06-10T16:49:36.959] [DEBUG] cheese - admin
[2020-06-10T16:49:36.963] [DEBUG] cheese - null
[2020-06-10T16:49:36.963] [DEBUG] cheese - null
[2020-06-10T16:51:39.892] [DEBUG] cheese - login => username:admin,password:123456
[2020-06-10T16:51:39.893] [DEBUG] cheese - admin
[2020-06-10T16:51:39.900] [DEBUG] cheese - null
[2020-06-10T16:51:39.901] [DEBUG] cheese - null
[2020-06-10T16:51:57.673] [DEBUG] cheese - login => username:admin,password:123456
[2020-06-10T16:51:57.674] [DEBUG] cheese - admin
[2020-06-10T16:51:57.676] [DEBUG] cheese - null
[2020-06-10T16:51:57.676] [DEBUG] cheese - null
[2020-06-10T17:02:42.745] [DEBUG] cheese - login => username:admin,password:123456
[2020-06-10T17:02:42.745] [DEBUG] cheese - admin
[2020-06-10T17:02:42.749] [DEBUG] cheese - null
[2020-06-10T17:02:42.749] [DEBUG] cheese - null
[2020-06-10T17:15:13.126] [DEBUG] cheese - login => username:admin,password:123456
[2020-06-10T17:15:13.128] [DEBUG] cheese - admin
[2020-06-10T17:15:13.139] [DEBUG] cheese - null
[2020-06-10T17:15:13.140] [DEBUG] cheese - null
[2020-06-10T17:17:09.823] [DEBUG] cheese - login => username:admin,password:123456
[2020-06-10T17:17:09.824] [DEBUG] cheese - admin
[2020-06-10T17:17:09.827] [DEBUG] cheese - null
[2020-06-10T17:17:09.827] [DEBUG] cheese - null
[2020-06-10T17:26:31.546] [DEBUG] cheese - login => username:admin,password:123456
[2020-06-10T17:26:31.548] [DEBUG] cheese - admin
[2020-06-10T17:26:31.552] [DEBUG] cheese - null
[2020-06-10T17:26:31.553] [DEBUG] cheese - null
[2020-06-10T17:30:31.231] [DEBUG] cheese - login => username:admin,password:123456
[2020-06-10T17:30:31.232] [DEBUG] cheese - admin
[2020-06-10T17:30:31.234] [DEBUG] cheese - null
[2020-06-10T17:30:31.235] [DEBUG] cheese - null
[2020-06-10T17:43:28.748] [DEBUG] cheese - login => username:admin,password:123456
[2020-06-10T17:43:28.750] [DEBUG] cheese - admin
[2020-06-10T17:43:28.755] [DEBUG] cheese - null
[2020-06-10T17:43:28.755] [DEBUG] cheese - null
[2020-06-10T20:59:53.390] [DEBUG] cheese - login => username:admin,password:123456
[2020-06-10T20:59:53.392] [DEBUG] cheese - admin
[2020-06-10T20:59:53.515] [DEBUG] cheese - null
[2020-06-10T20:59:53.516] [DEBUG] cheese - null
[2020-06-10T21:00:08.859] [DEBUG] cheese - login => username:admi,password:123456
[2020-06-10T21:00:08.859] [DEBUG] cheese - admi
[2020-06-10T21:00:08.864] [DEBUG] cheese - null
[2020-06-10T21:00:08.864] [DEBUG] cheese - null
[2020-06-10T21:00:11.654] [DEBUG] cheese - login => username:admi,password:123456
[2020-06-10T21:00:11.654] [DEBUG] cheese - admi
[2020-06-10T21:00:11.656] [DEBUG] cheese - null
[2020-06-10T21:00:11.656] [DEBUG] cheese - null
[2020-06-10T21:01:17.967] [DEBUG] cheese - login => username:admin,password:123456
[2020-06-10T21:01:17.967] [DEBUG] cheese - admin
[2020-06-10T21:01:17.971] [DEBUG] cheese - null
[2020-06-10T21:01:17.971] [DEBUG] cheese - null
[2020-06-10T21:01:24.533] [DEBUG] cheese - login => username:admin,password:123456
[2020-06-10T21:01:24.534] [DEBUG] cheese - admin
[2020-06-10T21:01:24.537] [DEBUG] cheese - null
[2020-06-10T21:01:24.537] [DEBUG] cheese - null
[2020-06-10T21:06:30.003] [DEBUG] cheese - login => username:admin,password:123456
[2020-06-10T21:06:30.003] [DEBUG] cheese - admin
[2020-06-10T21:06:30.005] [DEBUG] cheese - null
[2020-06-10T21:06:30.006] [DEBUG] cheese - null
[2020-06-10T21:09:07.774] [DEBUG] cheese - login => username:admin,password:123456
[2020-06-10T21:09:07.774] [DEBUG] cheese - admin
[2020-06-10T21:09:07.779] [DEBUG] cheese - null
[2020-06-10T21:09:07.779] [DEBUG] cheese - null
[2020-06-10T21:19:04.046] [DEBUG] cheese - login => username:admin,password:123456
[2020-06-10T21:19:04.046] [DEBUG] cheese - admin
[2020-06-10T21:19:04.050] [DEBUG] cheese - null
[2020-06-10T21:19:04.050] [DEBUG] cheese - null
[2020-06-10T21:37:06.279] [DEBUG] cheese - login => username:admin,password:123456
[2020-06-10T21:37:06.280] [DEBUG] cheese - admin
[2020-06-10T21:37:06.355] [DEBUG] cheese - null
[2020-06-10T21:37:06.355] [DEBUG] cheese - null
[2020-06-10T23:37:23.482] [DEBUG] cheese - login => username:admin,password:123456
[2020-06-10T23:37:23.484] [DEBUG] cheese - admin
[2020-06-10T23:37:23.496] [DEBUG] cheese - null
[2020-06-10T23:37:23.497] [DEBUG] cheese - null
[2020-06-13T00:30:45.686] [DEBUG] cheese - login => username:admin,password:123456
[2020-06-13T00:30:45.688] [DEBUG] cheese - admin
[2020-06-13T00:30:45.751] [DEBUG] cheese - null
[2020-06-13T00:30:45.752] [DEBUG] cheese - null
[2020-06-13T22:15:08.321] [DEBUG] cheese - login => username:admin,password:123456
[2020-06-13T22:15:08.323] [DEBUG] cheese - admin
[2020-06-13T22:15:08.552] [DEBUG] cheese - null
[2020-06-13T22:15:08.552] [DEBUG] cheese - null
[2020-06-13T22:15:50.769] [DEBUG] cheese - login => username:admin,password:123456
[2020-06-13T22:15:50.770] [DEBUG] cheese - admin
[2020-06-13T22:15:50.775] [DEBUG] cheese - null
[2020-06-13T22:15:50.775] [DEBUG] cheese - null
[2020-06-13T22:16:32.611] [DEBUG] cheese - login => username:admin,password:123456
[2020-06-13T22:16:32.611] [DEBUG] cheese - admin
[2020-06-13T22:16:32.615] [DEBUG] cheese - null
[2020-06-13T22:16:32.615] [DEBUG] cheese - null
[2020-06-18T10:58:49.269] [DEBUG] cheese - login => username:admin,password:123456
[2020-06-18T10:58:49.270] [DEBUG] cheese - admin
[2020-06-18T10:58:49.397] [DEBUG] cheese - null
[2020-06-18T10:58:49.398] [DEBUG] cheese - null
[2020-06-18T11:05:23.847] [DEBUG] cheese - login => username:admin,password:123456
[2020-06-18T11:05:23.847] [DEBUG] cheese - admin
[2020-06-18T11:05:23.850] [DEBUG] cheese - null
[2020-06-18T11:05:23.851] [DEBUG] cheese - null
[2020-07-28T16:30:16.569] [DEBUG] cheese - login => username:admin,password:123456
[2020-07-28T16:30:16.571] [DEBUG] cheese - admin
[2020-07-28T16:30:16.700] [DEBUG] cheese - null
[2020-07-28T16:30:16.700] [DEBUG] cheese - null
